Build started 9/30/2015 4:33:11 PM.
     1>Project "C:\Users\NILAY\Computer_Graphics\SteerLite\pprAI\build\win32\pprAI.vcxproj" on node 3 (Build target(s)).
     1>ClCompile:
         C:\Program Files (x86)\Microsoft Visual Studio 14.0\VC\bin\CL.exe /c /I..\..\..\util\include /I..\..\include /I..\..\..\steerlib\include /I..\..\..\external /Zi /nologo /W3 /WX- /MP /O2 /Oi /Ot /Oy- /GL /D ENABLE_GUI /D _WINDLL /D _MBCS /Gm- /EHsc /MD /GS /Gy /arch:SSE2 /fp:fast /Zc:wchar_t /Zc:forScope /Zc:inline /GR /Fo"Release\\" /Fd"Release\vc140.pdb" /Gd /TP /analyze- /errorReport:prompt ..\..\src\PPRAgent.cpp ..\..\src\PPRAIModule.cpp
         PPRAgent.cpp
         PPRAIModule.cpp
     1>c:\users\nilay\computer_graphics\steerlite\util\include\UtilGlobals.h(17): warning C4005: 'UTIL_API': macro redefinition (compiling source file ..\..\src\PPRAIModule.cpp)
         c:\users\nilay\computer_graphics\steerlite\steerlib\include\Globals.h(22): note: see previous definition of 'UTIL_API' (compiling source file ..\..\src\PPRAIModule.cpp)
     1>c:\users\nilay\computer_graphics\steerlite\util\include\UtilGlobals.h(17): warning C4005: 'UTIL_API': macro redefinition (compiling source file ..\..\src\PPRAgent.cpp)
         c:\users\nilay\computer_graphics\steerlite\steerlib\include\Globals.h(22): note: see previous definition of 'UTIL_API' (compiling source file ..\..\src\PPRAgent.cpp)
     1>c:\users\nilay\computer_graphics\steerlite\pprai\include\PPRParameters.h(167): warning C4018: '<': signed/unsigned mismatch (compiling source file ..\..\src\PPRAgent.cpp)
     1>c:\users\nilay\computer_graphics\steerlite\pprai\include\PPRParameters.h(167): warning C4018: '<': signed/unsigned mismatch (compiling source file ..\..\src\PPRAIModule.cpp)
     1>..\..\src\PPRAgent.cpp(422): warning C4018: '<': signed/unsigned mismatch
     1>..\..\src\PPRAgent.cpp(525): warning C4018: '>': signed/unsigned mismatch
     1>c:\users\nilay\computer_graphics\steerlite\util\include\LogObject.h(43): warning C4244: '=': conversion from '__int64' to 'int', possible loss of data (compiling source file ..\..\src\PPRAIModule.cpp)
         ..\..\src\PPRAIModule.cpp(555): note: see reference to function template instantiation 'void LogObject::addLogData<__int64>(T)' being compiled
                 with
                 [
                     T=__int64
                 ]
     1>c:\users\nilay\computer_graphics\steerlite\util\include\LogObject.h(51): warning C4244: '=': conversion from '__int64' to 'float', possible loss of data (compiling source file ..\..\src\PPRAIModule.cpp)
     1>c:\users\nilay\computer_graphics\steerlite\util\include\LogObject.h(61): warning C4244: 'argument': conversion from '__int64' to 'char', possible loss of data (compiling source file ..\..\src\PPRAIModule.cpp)
     1>c:\users\nilay\computer_graphics\steerlite\util\include\LogObject.h(43): warning C4244: '=': conversion from 'float' to 'int', possible loss of data (compiling source file ..\..\src\PPRAIModule.cpp)
         ..\..\src\PPRAIModule.cpp(575): note: see reference to function template instantiation 'void LogObject::addLogData<float>(T)' being compiled
                 with
                 [
                     T=float
                 ]
     1>c:\users\nilay\computer_graphics\steerlite\util\include\LogObject.h(56): warning C4244: '=': conversion from 'float' to '__int64', possible loss of data (compiling source file ..\..\src\PPRAIModule.cpp)
     1>c:\users\nilay\computer_graphics\steerlite\util\include\LogObject.h(61): warning C4244: 'argument': conversion from 'float' to 'char', possible loss of data (compiling source file ..\..\src\PPRAIModule.cpp)
       Link:
         C:\Program Files (x86)\Microsoft Visual Studio 14.0\VC\bin\link.exe /ERRORREPORT:PROMPT /OUT:"C:\Users\NILAY\Computer_Graphics\SteerLite\build\win32\Release\pprAI.dll" /INCREMENTAL:NO /NOLOGO /LIBPATH:C:\Users\NILAY\Computer_Graphics\SteerLite\build\win32\Release\ util.lib steerlib.lib opengl32.lib glu32.lib kernel32.lib user32.lib gdi32.lib winspool.lib comdlg32.lib advapi32.lib shell32.lib ole32.lib oleaut32.lib uuid.lib odbc32.lib odbccp32.lib /MANIFEST /MANIFESTUAC:"level='asInvoker' uiAccess='false'" /manifest:embed /PDB:"C:\Users\NILAY\Computer_Graphics\SteerLite\build\win32\Release\pprAI.pdb" /OPT:REF /OPT:ICF /LTCG:incremental /TLBID:1 /DYNAMICBASE /NXCOMPAT /IMPLIB:"C:\Users\NILAY\Computer_Graphics\SteerLite\build\win32\Release\pprAI.lib" /MACHINE:X86 /SAFESEH /DLL Release\PPRAgent.obj
         Release\PPRAIModule.obj
            Creating library C:\Users\NILAY\Computer_Graphics\SteerLite\build\win32\Release\pprAI.lib and object C:\Users\NILAY\Computer_Graphics\SteerLite\build\win32\Release\pprAI.exp
         Generating code
         0 of 1469 functions ( 0.0%) were compiled, the rest were copied from previous compilation.
           0 functions were new in current compilation
           0 functions had inline decision re-evaluated but remain unchanged
         Finished generating code
         pprAI.vcxproj -> C:\Users\NILAY\Computer_Graphics\SteerLite\build\win32\Release\pprAI.dll
     1>Done Building Project "C:\Users\NILAY\Computer_Graphics\SteerLite\pprAI\build\win32\pprAI.vcxproj" (Build target(s)).

Build succeeded.

Time Elapsed 00:00:17.10
