Build started 9/30/2015 5:48:43 AM.
     1>Project "C:\Users\NILAY\Computer_Graphics\SteerLite\steertool\build\win32\steertool.vcxproj" on node 5 (Rebuild target(s)).
     1>ClCompile:
         C:\Program Files (x86)\Microsoft Visual Studio 14.0\VC\bin\CL.exe /c /I..\..\include /I..\..\..\steerlib\include /I..\..\..\util\include /I..\..\..\external\ /Zi /nologo /W3 /WX- /MP /O2 /Oi /Ot /Oy- /GL /D ENABLE_GUI /D _MBCS /Gm- /EHsc /MD /GS /Gy /arch:SSE2 /fp:fast /Zc:wchar_t /Zc:forScope /Zc:inline /GR /Fo"Release\\" /Fd"Release\vc140.pdb" /Gd /TP /analyze- /errorReport:prompt ..\..\src\Main.cpp ..\..\src\UnitTest.cpp
         Main.cpp
         UnitTest.cpp
     1>c:\users\nilay\computer_graphics\steerlite\util\include\UtilGlobals.h(17): warning C4005: 'UTIL_API': macro redefinition (compiling source file ..\..\src\Main.cpp)
         c:\users\nilay\computer_graphics\steerlite\steerlib\include\Globals.h(22): note: see previous definition of 'UTIL_API' (compiling source file ..\..\src\Main.cpp)
     1>c:\users\nilay\computer_graphics\steerlite\util\include\UtilGlobals.h(17): warning C4005: 'UTIL_API': macro redefinition (compiling source file ..\..\src\UnitTest.cpp)
         c:\users\nilay\computer_graphics\steerlite\steerlib\include\Globals.h(22): note: see previous definition of 'UTIL_API' (compiling source file ..\..\src\UnitTest.cpp)
       Link:
         C:\Program Files (x86)\Microsoft Visual Studio 14.0\VC\bin\link.exe /ERRORREPORT:PROMPT /OUT:"C:\Users\NILAY\Computer_Graphics\SteerLite\build\win32\Release\steertool.exe" /INCREMENTAL:NO /NOLOGO /LIBPATH:C:\Users\NILAY\Computer_Graphics\SteerLite\build\win32\\Release\ util.lib steerlib.lib kernel32.lib user32.lib gdi32.lib winspool.lib comdlg32.lib advapi32.lib shell32.lib ole32.lib oleaut32.lib uuid.lib odbc32.lib odbccp32.lib /MANIFEST /MANIFESTUAC:"level='asInvoker' uiAccess='false'" /manifest:embed /PDB:"C:\Users\NILAY\Computer_Graphics\SteerLite\build\win32\Release\steertool.pdb" /OPT:REF /OPT:ICF /LTCG:incremental /TLBID:1 /DYNAMICBASE /NXCOMPAT /IMPLIB:"C:\Users\NILAY\Computer_Graphics\SteerLite\build\win32\Release\steertool.lib" /MACHINE:X86 /SAFESEH Release\Main.obj
         Release\UnitTest.obj
            Creating library C:\Users\NILAY\Computer_Graphics\SteerLite\build\win32\Release\steertool.lib and object C:\Users\NILAY\Computer_Graphics\SteerLite\build\win32\Release\steertool.exp
         Generating code
         All 873 functions were compiled because no usable IPDB/IOBJ from previous compilation was found.
         Finished generating code
         steertool.vcxproj -> C:\Users\NILAY\Computer_Graphics\SteerLite\build\win32\Release\steertool.exe
     1>Done Building Project "C:\Users\NILAY\Computer_Graphics\SteerLite\steertool\build\win32\steertool.vcxproj" (Rebuild target(s)).

Build succeeded.

Time Elapsed 00:00:15.61
